{
  "stats": {
    "suites": 1,
    "tests": 1,
    "passes": 0,
    "pending": 2,
    "failures": -1,
    "start": "2025-12-11T09:26:24.015Z",
    "end": "2025-12-11T09:26:24.123Z",
    "duration": 108,
    "testsRegistered": 2,
    "passPercent": null,
    "pendingPercent": 100,
    "other": 1,
    "hasOther": true,
    "skipped": 0,
    "hasSkipped": false
  },
  "results": [
    {
      "uuid": "512700b2-e62c-4ff3-94b8-58c5354011a6",
      "title": "",
      "fullFile": "cypress\\e2e\\leave.feature",
      "file": "cypress\\e2e\\leave.feature",
      "beforeHooks": [],
      "afterHooks": [],
      "tests": [],
      "suites": [
        {
          "uuid": "3b592421-37b9-488f-86ea-5cd9919174d1",
          "title": "leave application",
          "fullFile": "",
          "file": "",
          "beforeHooks": [],
          "afterHooks": [],
          "tests": [
            {
              "title": "leave application",
              "fullTitle": "leave application leave application",
              "timedOut": null,
              "duration": 0,
              "state": "pending",
              "speed": null,
              "pass": false,
              "fail": false,
              "pending": true,
              "context": null,
              "code": "",
              "err": {},
              "uuid": "87071c5e-4a9a-4b96-9152-1c43e719363c",
              "parentUUID": "3b592421-37b9-488f-86ea-5cd9919174d1",
              "isHook": false,
              "skipped": false
            },
            {
              "title": "Check leave",
              "fullTitle": "leave application Check leave",
              "timedOut": null,
              "duration": 0,
              "state": "pending",
              "speed": null,
              "pass": false,
              "fail": false,
              "pending": true,
              "context": null,
              "code": "",
              "err": {},
              "uuid": "b351f963-0a1d-488c-9b91-a12b91619e33",
              "parentUUID": "3b592421-37b9-488f-86ea-5cd9919174d1",
              "isHook": false,
              "skipped": false
            }
          ],
          "suites": [],
          "passes": [],
          "failures": [],
          "pending": [
            "87071c5e-4a9a-4b96-9152-1c43e719363c",
            "b351f963-0a1d-488c-9b91-a12b91619e33"
          ],
          "skipped": [],
          "duration": 0,
          "root": false,
          "rootEmpty": false,
          "_timeout": 2000
        }
      ],
      "passes": [],
      "failures": [],
      "pending": [],
      "skipped": [],
      "duration": 0,
      "root": true,
      "rootEmpty": true,
      "_timeout": 2000
    }
  ],
  "meta": {
    "mocha": {
      "version": "7.2.0"
    },
    "mochawesome": {
      "options": {
        "quiet": false,
        "reportFilename": "mochawesome",
        "saveHtml": false,
        "saveJson": true,
        "consoleReporter": "spec",
        "useInlineDiffs": false,
        "code": true
      },
      "version": "7.1.4"
    },
    "marge": {
      "options": {
        "reportDir": "cypress\\reports\\.jsons",
        "overwrite": false,
        "html": false,
        "json": true
      },
      "version": "6.3.2"
    }
  }
}